<?xml version="1.0" encoding="UTF-8"?>
<!-- Generated by org.testng.reporters.JUnitReportReporter -->
<testsuite hostname="DESKTOP-4I29KQA" failures="0" tests="1" name="com.nopcommerce.testcases.TC_LoginTest_01" time="6.503" errors="0" timestamp="2021-10-27T13:42:59 IST" skipped="0">
  <testcase classname="com.nopcommerce.testcases.TC_LoginTest_01" name="loginTest" time="6.503"/>
  <system-out/>
</testsuite> <!-- com.nopcommerce.testcases.TC_LoginTest_01 -->
