<?xml version="1.0" encoding="UTF-8"?>
<!-- Generated by org.testng.reporters.JUnitReportReporter -->
<testsuite hostname="DESKTOP-4I29KQA" failures="0" tests="5" name="com.nopcommerce.testcases.TC_LoginDDT_02" time="14.206" errors="0" timestamp="2021-10-29T17:13:46 IST" skipped="0">
  <testcase classname="com.nopcommerce.testcases.TC_LoginDDT_02" name="loginDDT" time="2.370"/>
  <system-out/>
  <testcase classname="com.nopcommerce.testcases.TC_LoginDDT_02" name="loginDDT" time="1.259"/>
  <system-out/>
  <testcase classname="com.nopcommerce.testcases.TC_LoginDDT_02" name="loginDDT" time="2.277"/>
  <system-out/>
  <testcase classname="com.nopcommerce.testcases.TC_LoginDDT_02" name="loginDDT" time="5.703"/>
  <system-out/>
  <testcase classname="com.nopcommerce.testcases.TC_LoginDDT_02" name="loginDDT" time="2.597"/>
  <system-out/>
</testsuite> <!-- com.nopcommerce.testcases.TC_LoginDDT_02 -->
