<?xml version="1.0" encoding="UTF-8"?>
<!-- Generated by org.testng.reporters.JUnitReportReporter -->
<testsuite hostname="DESKTOP-4I29KQA" failures="0" tests="1" name="com.nopcommerce.testcases.TC_LoginTest_01" time="5.330" errors="0" timestamp="2021-10-29T17:13:46 IST" skipped="0">
  <testcase classname="com.nopcommerce.testcases.TC_LoginTest_01" name="loginTest" time="5.330"/>
  <system-out/>
</testsuite> <!-- com.nopcommerce.testcases.TC_LoginTest_01 -->
