<?xml version="1.0" encoding="UTF-8"?>
<!-- Generated by org.testng.reporters.JUnitReportReporter -->
<testsuite hostname="DESKTOP-4I29KQA" failures="0" tests="5" name="com.nopcommerce.testcases.TC_LoginDDT_02" time="16.268" errors="0" timestamp="2021-10-31T14:07:51 IST" skipped="0">
  <testcase classname="com.nopcommerce.testcases.TC_LoginDDT_02" name="loginDDT" time="1.378"/>
  <system-out/>
  <testcase classname="com.nopcommerce.testcases.TC_LoginDDT_02" name="loginDDT" time="2.170"/>
  <system-out/>
  <testcase classname="com.nopcommerce.testcases.TC_LoginDDT_02" name="loginDDT" time="6.337"/>
  <system-out/>
  <testcase classname="com.nopcommerce.testcases.TC_LoginDDT_02" name="loginDDT" time="2.598"/>
  <system-out/>
  <testcase classname="com.nopcommerce.testcases.TC_LoginDDT_02" name="loginDDT" time="3.785"/>
  <system-out/>
</testsuite> <!-- com.nopcommerce.testcases.TC_LoginDDT_02 -->
